> Task :compileJava UP-TO-DATE
> Task :processResources
> Task :classes
> Task :resolveMainClassName

> Task :bootRun

  .   ____          _            __ _ _
 /\\ / ___'_ __ _ _(_)_ __  __ _ \ \ \ \
( ( )\___ | '_ | '_| | '_ \/ _` | \ \ \ \
 \\/  ___)| |_)| | | | | || (_| |  ) ) ) )
  '  |____| .__|_| |_|_| |_\__, | / / / /
 =========|_|==============|___/=/_/_/_/

 :: Spring Boot ::                (v4.0.2)

2026-02-12T16:47:55.366+09:00  INFO 29296 --- [pickleball-reservation-api] [  restartedMain] com.pickleball.PickleballApplication     : Starting PickleballApplication using Java 21.0.8 with PID 29296 (G:\project\project-pickleball\backend\pickleball-backend\build\classes\java\main started by janak in G:\project\project-pickleball\backend\pickleball-backend)
2026-02-12T16:47:55.371+09:00 DEBUG 29296 --- [pickleball-reservation-api] [  restartedMain] com.pickleball.PickleballApplication     : Running with Spring Boot v4.0.2, Spring v7.0.3
2026-02-12T16:47:55.371+09:00  INFO 29296 --- [pickleball-reservation-api] [  restartedMain] com.pickleball.PickleballApplication     : The following 1 profile is active: "dev"
2026-02-12T16:47:55.445+09:00  INFO 29296 --- [pickleball-reservation-api] [  restartedMain] .e.DevToolsPropertyDefaultsPostProcessor : Devtools property defaults active! Set 'spring.devtools.add-properties' to 'false' to disable
2026-02-12T16:47:55.445+09:00  INFO 29296 --- [pickleball-reservation-api] [  restartedMain] .e.DevToolsPropertyDefaultsPostProcessor : For additional web related logging consider setting the 'logging.level.web' property to 'DEBUG'
2026-02-12T16:47:56.881+09:00  INFO 29296 --- [pickleball-reservation-api] [  restartedMain] .s.d.r.c.RepositoryConfigurationDelegate : Bootstrapping Spring Data JPA repositories in DEFAULT mode.
2026-02-12T16:47:56.986+09:00  INFO 29296 --- [pickleball-reservation-api] [  restartedMain] .s.d.r.c.RepositoryConfigurationDelegate : Finished Spring Data repository scanning in 90 ms. Found 9 JPA repository interfaces.
2026-02-12T16:47:57.932+09:00  INFO 29296 --- [pickleball-reservation-api] [  restartedMain] o.s.boot.tomcat.TomcatWebServer          : Tomcat initialized with port 8080 (http)
2026-02-12T16:47:57.954+09:00  INFO 29296 --- [pickleball-reservation-api] [  restartedMain] o.apache.catalina.core.StandardService   : Starting service [Tomcat]
2026-02-12T16:47:57.954+09:00  INFO 29296 --- [pickleball-reservation-api] [  restartedMain] o.apache.catalina.core.StandardEngine    : Starting Servlet engine: [Apache Tomcat/11.0.15]
2026-02-12T16:47:58.027+09:00  INFO 29296 --- [pickleball-reservation-api] [  restartedMain] b.w.c.s.WebApplicationContextInitializer : Root WebApplicationContext: initialization completed in 2580 ms
2026-02-12T16:47:58.329+09:00  INFO 29296 --- [pickleball-reservation-api] [  restartedMain] org.hibernate.orm.jpa                    : HHH008540: Processing PersistenceUnitInfo [name: default]
2026-02-12T16:47:58.405+09:00  INFO 29296 --- [pickleball-reservation-api] [  restartedMain] org.hibernate.orm.core                   : HHH000001: Hibernate ORM core version 7.2.1.Final
2026-02-12T16:47:59.071+09:00  INFO 29296 --- [pickleball-reservation-api] [  restartedMain] o.s.o.j.p.SpringPersistenceUnitInfo      : No LoadTimeWeaver setup: ignoring JPA class transformer
2026-02-12T16:47:59.119+09:00  INFO 29296 --- [pickleball-reservation-api] [  restartedMain] com.zaxxer.hikari.HikariDataSource       : HikariPool-1 - Starting...
2026-02-12T16:47:59.333+09:00  INFO 29296 --- [pickleball-reservation-api] [  restartedMain] com.zaxxer.hikari.pool.HikariPool        : HikariPool-1 - Added connection org.postgresql.jdbc.PgConnection@5cc35287
2026-02-12T16:47:59.335+09:00  INFO 29296 --- [pickleball-reservation-api] [  restartedMain] com.zaxxer.hikari.HikariDataSource       : HikariPool-1 - Start completed.
2026-02-12T16:47:59.377+09:00  WARN 29296 --- [pickleball-reservation-api] [  restartedMain] org.hibernate.orm.deprecation            : HHH90000025: PostgreSQLDialect does not need to be specified explicitly using 'hibernate.dialect' (remove the property setting and it will be selected by default)
2026-02-12T16:47:59.411+09:00  INFO 29296 --- [pickleball-reservation-api] [  restartedMain] org.hibernate.orm.connections.pooling    : HHH10001005: Database info:
	Database JDBC URL [jdbc:postgresql://localhost:5432/pickleball_db]
	Database driver: PostgreSQL JDBC Driver
	Database dialect: PostgreSQLDialect
	Database version: 18.0
	Default catalog/schema: pickleball_db/pickleball
	Autocommit mode: undefined/unknown
	Isolation level: READ_COMMITTED [default READ_COMMITTED]
	JDBC fetch size: none
	Pool: DataSourceConnectionProvider
	Minimum pool size: undefined/unknown
	Maximum pool size: undefined/unknown
2026-02-12T16:48:00.963+09:00  INFO 29296 --- [pickleball-reservation-api] [  restartedMain] org.hibernate.orm.core                   : HHH000489: No JTA platform available (set 'hibernate.transaction.jta.platform' to enable JTA platform integration)
2026-02-12T16:48:01.087+09:00  INFO 29296 --- [pickleball-reservation-api] [  restartedMain] j.LocalContainerEntityManagerFactoryBean : Initialized JPA EntityManagerFactory for persistence unit 'default'
2026-02-12T16:48:01.203+09:00  INFO 29296 --- [pickleball-reservation-api] [  restartedMain] o.s.d.j.r.query.QueryEnhancerFactories   : Hibernate is in classpath; If applicable, HQL parser will be used.
2026-02-12T16:48:01.522+09:00 DEBUG 29296 --- [pickleball-reservation-api] [  restartedMain] c.p.security.JwtAuthenticationFilter     : Filter 'jwtAuthenticationFilter' configured for use
2026-02-12T16:48:02.724+09:00  INFO 29296 --- [pickleball-reservation-api] [  restartedMain] eAuthenticationProviderManagerConfigurer : Global AuthenticationManager configured with AuthenticationProvider bean with name authenticationProvider
2026-02-12T16:48:02.725+09:00  WARN 29296 --- [pickleball-reservation-api] [  restartedMain] r$InitializeUserDetailsManagerConfigurer : Global AuthenticationManager configured with an AuthenticationProvider bean. UserDetailsService beans will not be used by Spring Security for automatically configuring username/password login. Consider removing the AuthenticationProvider bean. Alternatively, consider using the UserDetailsService in a manually instantiated DaoAuthenticationProvider. If the current configuration is intentional, to turn off this warning, increase the logging level of 'org.springframework.security.config.annotation.authentication.configuration.InitializeUserDetailsBeanManagerConfigurer' to ERROR
2026-02-12T16:48:03.519+09:00 DEBUG 29296 --- [pickleball-reservation-api] [  restartedMain] o.s.s.web.DefaultSecurityFilterChain     : Will secure any request with filters: DisableEncodeUrlFilter, WebAsyncManagerIntegrationFilter, SecurityContextHolderFilter, HeaderWriterFilter, CorsFilter, LogoutFilter, JwtAuthenticationFilter, RequestCacheAwareFilter, SecurityContextHolderAwareRequestFilter, AnonymousAuthenticationFilter, SessionManagementFilter, ExceptionTranslationFilter, AuthorizationFilter
2026-02-12T16:48:04.397+09:00  INFO 29296 --- [pickleball-reservation-api] [  restartedMain] o.s.b.a.e.web.EndpointLinksResolver      : Exposing 1 endpoint beneath base path '/actuator'
2026-02-12T16:48:04.521+09:00  INFO 29296 --- [pickleball-reservation-api] [  restartedMain] o.s.boot.tomcat.TomcatWebServer          : Tomcat started on port 8080 (http) with context path '/'
2026-02-12T16:48:04.532+09:00  INFO 29296 --- [pickleball-reservation-api] [  restartedMain] com.pickleball.PickleballApplication     : Started PickleballApplication in 9.776 seconds (process running for 10.531)
2026-02-12T16:48:04.607+09:00  WARN 29296 --- [pickleball-reservation-api] [  restartedMain] o.s.core.events.SpringDocAppInitializer  : SpringDoc /v3/api-docs endpoint is enabled by default. To disable it in production, set the property 'springdoc.api-docs.enabled=false'
2026-02-12T16:48:04.608+09:00  WARN 29296 --- [pickleball-reservation-api] [  restartedMain] o.s.core.events.SpringDocAppInitializer  : SpringDoc /swagger-ui.html endpoint is enabled by default. To disable it in production, set the property 'springdoc.swagger-ui.enabled=false'
